<?xml version="1.0" encoding="UTF-8"?>
<!-- Generated by org.testng.reporters.JUnitXMLReporter -->
<testsuite ignored="0" hostname="DESKTOP-NHOMGB7" failures="2" tests="3" name="Test" time="0.046" errors="0" timestamp="2021-07-18T17:51:37 EDT">
  <testcase classname="booking.ListenerDemo2" name="class_2_testcase1" time="0.007"/>
  <testcase classname="booking.ListenerDemo2" name="class_2_testcase2" time="0.002">
    <failure type="java.lang.AssertionError" message="expected [Hello] but found [Hi]">
      <![CDATA[java.lang.AssertionError: expected [Hello] but found [Hi]
at booking.ListenerDemo2.class_2_testcase2(ListenerDemo2.java:14)
at java.base/java.util.ArrayList.forEach(ArrayList.java:1511)
... Removed 33 stack frames]]>
    </failure>
  </testcase> <!-- class_2_testcase2 -->
  <testcase classname="booking.ListenerDemo3" name="class_3_testcase1" time="0.001">
    <failure type="java.lang.AssertionError" message="expected [Akter] but found [Ruma]">
      <![CDATA[java.lang.AssertionError: expected [Akter] but found [Ruma]
at booking.ListenerDemo3.class_3_testcase1(ListenerDemo3.java:10)
at java.base/java.util.ArrayList.forEach(ArrayList.java:1511)
... Removed 33 stack frames]]>
    </failure>
  </testcase> <!-- class_3_testcase1 -->
</testsuite> <!-- Test -->
