<?xml version="1.0" encoding="UTF-8"?>
<!-- Generated by org.testng.reporters.JUnitXMLReporter -->
<testsuite ignored="2" hostname="DESKTOP-NHOMGB7" failures="0" tests="2" name="GRP-bvt" time="0.067" errors="0" timestamp="2021-07-08T02:32:10 EDT">
  <testcase classname="com.ui.GroupDemo" name="test_3" time="0.019"/>
  <testcase classname="com.ui.GroupDemo" name="test_4" time="0.001"/>
  <testcase classname="com.ui.GroupDemo" name="test_1" time="0.0">
    <ignored/>
  </testcase> <!-- test_1 -->
  <testcase classname="com.ui.GroupDemo" name="test_2" time="0.0">
    <ignored/>
  </testcase> <!-- test_2 -->
</testsuite> <!-- GRP-bvt -->
