<?xml version="1.0" encoding="UTF-8"?>
<testng-results ignored="0" total="1" passed="1" failed="0" skipped="0">
  <reporter-output>
  </reporter-output>
  <suite started-at="2021-07-17T21:37:35 EDT" name="Default suite" finished-at="2021-07-17T21:37:38 EDT" duration-ms="2691">
    <groups>
    </groups>
    <test started-at="2021-07-17T21:37:35 EDT" name="Default test" finished-at="2021-07-17T21:37:38 EDT" duration-ms="2691">
      <class name="com.bd.google.GoogleProject">
        <test-method signature="Login()[pri:0, instance:com.bd.google.GoogleProject@4f209819]" started-at="2021-07-17T21:37:35 EDT" name="Login" finished-at="2021-07-17T21:37:38 EDT" duration-ms="2660" status="PASS">
          <reporter-output>
          </reporter-output>
        </test-method> <!-- Login -->
      </class> <!-- com.bd.google.GoogleProject -->
    </test> <!-- Default test -->
  </suite> <!-- Default suite -->
</testng-results>
