<?xml version="1.0" encoding="UTF-8"?>
<!-- Generated by org.testng.reporters.JUnitXMLReporter -->
<testsuite ignored="0" hostname="DESKTOP-NHOMGB7" failures="0" tests="8" name="Test" time="9.969" errors="0" timestamp="2021-07-10T05:01:03 EDT">
  <testcase classname="com.ui.VerifyTitleTest" name="titleTest" time="4.042"/>
  <testcase classname="com.ui.SoftAssertTestCases" name="searchBoxText" time="5.883"/>
  <testcase classname="com.ui.LoginTest" name="login" time="0.001"/>
  <testcase classname="com.ui.LoginTest" name="logOut" time="0.0"/>
  <testcase classname="com.ui.GroupDemo" name="test_1" time="0.001"/>
  <testcase classname="com.ui.GroupDemo" name="test_3" time="0.001"/>
  <testcase classname="com.ui.GroupDemo" name="test_2" time="0.001"/>
  <testcase classname="com.ui.GroupDemo" name="test_4" time="0.0"/>
</testsuite> <!-- Test -->
