<?xml version="1.0" encoding="UTF-8"?>
<!-- Generated by org.testng.reporters.JUnitXMLReporter -->
<testsuite ignored="0" hostname="DESKTOP-NHOMGB7" failures="0" tests="14" name="Test" time="0.064" errors="0" timestamp="2021-07-17T17:50:43 EDT">
  <testcase classname="booking.BookFlight" name="bookflight_oneWay_testCase1" time="0.011"/>
  <testcase classname="booking.BookFlight" name="bookflight_oneWay_testCase2" time="0.0"/>
  <testcase classname="booking.BookFlight" name="bookflight_roundTrip_testCase1" time="0.001"/>
  <testcase classname="booking.BookFlight" name="bookflight_roundTrip_testCase2" time="0.001"/>
  <testcase classname="onlinechecking.CheckingOnline" name="checkingOnline_PNR_Number" time="0.001"/>
  <testcase classname="booking.BookHolidayPackage" name="bookHolidayPackage_departure" time="0.001"/>
  <testcase classname="booking.BookHolidayPackage" name="bookHolidayPackage_destination" time="0.001"/>
  <testcase classname="booking.BookHolidayPackage" name="bookHolidayPackage_return" time="0.0"/>
  <testcase classname="booking.BookingHotel" name="bookHotel_checkIn" time="0.001"/>
  <testcase classname="booking.BookingHotel" name="bookHotel_checkOut" time="0.001"/>
  <testcase classname="booking.BookingHotel" name="bookHotel_destinationCity" time="0.001"/>
  <testcase classname="booking.FlightStatus" name="file_Status_Testcase1" time="0.0"/>
  <testcase classname="booking.FlightStatus" name="file_Status_Testcase2" time="0.001"/>
  <testcase classname="booking.FlightStatus" name="file_Status_Testcase3" time="0.001"/>
</testsuite> <!-- Test -->
