<?xml version="1.0" encoding="UTF-8"?>
<!-- Generated by org.testng.reporters.JUnitXMLReporter -->
<testsuite ignored="0" hostname="DESKTOP-NHOMGB7" failures="0" tests="3" name="Regression Test" time="2.725" errors="0" timestamp="2021-07-13T20:14:54 EDT">
  <testcase classname="com.ui.VerifyTitleTest" name="titleTest" time="2.676"/>
  <testcase classname="com.ui.LoginTest" name="loginTest" time="0.0"/>
  <testcase classname="com.ui.LoginTest" name="logOut" time="0.0"/>
</testsuite> <!-- Regression Test -->
