<?xml version="1.0" encoding="UTF-8"?>
<!-- Generated by org.testng.reporters.JUnitXMLReporter -->
<testsuite ignored="4" hostname="DESKTOP-NHOMGB7" failures="0" tests="9" name="BookingTest" time="0.051" errors="0" timestamp="2021-07-17T16:05:13 EDT">
  <testcase classname="booking.BookingHotel" name="bookHotel_checkIn" time="0.007"/>
  <testcase classname="booking.BookHolidayPackage" name="bookHolidayPackage_return" time="0.001"/>
  <testcase classname="booking.BookFlight" name="bookflight_oneWay_testCase1" time="0.001"/>
  <testcase classname="booking.BookFlight" name="bookflight_oneWay_testCase2" time="0.001"/>
  <testcase classname="booking.BookFlight" name="bookflight_roundTrip_testCase1" time="0.001"/>
  <testcase classname="booking.BookFlight" name="bookflight_roundTrip_testCase2" time="0.0"/>
  <testcase classname="booking.FlightStatus" name="file_Status_Testcase1" time="0.001"/>
  <testcase classname="booking.FlightStatus" name="file_Status_Testcase2" time="0.001"/>
  <testcase classname="booking.FlightStatus" name="file_Status_Testcase3" time="0.0"/>
  <testcase classname="booking.BookHolidayPackage" name="bookHolidayPackage_departure" time="0.0">
    <ignored/>
  </testcase> <!-- bookHolidayPackage_departure -->
  <testcase classname="booking.BookHolidayPackage" name="bookHolidayPackage_destination" time="0.0">
    <ignored/>
  </testcase> <!-- bookHolidayPackage_destination -->
  <testcase classname="booking.BookingHotel" name="bookHotel_checkOut" time="0.0">
    <ignored/>
  </testcase> <!-- bookHotel_checkOut -->
  <testcase classname="booking.BookingHotel" name="bookHotel_destinationCity" time="0.0">
    <ignored/>
  </testcase> <!-- bookHotel_destinationCity -->
</testsuite> <!-- BookingTest -->
