<?xml version="1.0" encoding="UTF-8"?>
<!-- Generated by org.testng.reporters.JUnitXMLReporter -->
<testsuite ignored="2" hostname="DESKTOP-NHOMGB7" failures="0" tests="4" name="Default test" time="0.683" errors="0" timestamp="2021-07-20T06:08:01 EDT">
  <testcase classname="report.TestNGReportDemo" name="reporterTest1" time="0.651"/>
  <testcase classname="report.TestNGReportDemo" name="reporterTest2" time="0.001"/>
  <testcase classname="report.TestNGReportDemo" name="reporterTest3" time="0.001"/>
  <testcase classname="report.TestNGReportDemo" name="reporterTest4" time="0.001"/>
  <testcase classname="report.BaseTest" name="@BeforeSuite launchBrowser" time="0.0">
    <ignored/>
  </testcase> <!-- @BeforeSuite launchBrowser -->
  <testcase classname="report.BaseTest" name="@AfterSuite closeBrowser" time="0.0">
    <ignored/>
  </testcase> <!-- @AfterSuite closeBrowser -->
</testsuite> <!-- Default test -->
