<?xml version="1.0" encoding="UTF-8"?>
<!-- Generated by org.testng.reporters.JUnitXMLReporter -->
<testsuite ignored="14" hostname="DESKTOP-NHOMGB7" failures="0" tests="3" name="Test" time="0.041" errors="0" timestamp="2021-07-17T18:37:46 EDT">
  <testcase classname="booking.FlightStatus" name="file_Status_Testcase2" time="0.007"/>
  <testcase classname="booking.BookingHotel" name="bookHotel_destinationCity" time="0.001"/>
  <testcase classname="booking.BookHolidayPackage" name="bookHolidayPackage_departure" time="0.001"/>
  <testcase classname="booking.BookFlight" name="bookflight_roundTrip_testCase1" time="0.0">
    <ignored/>
  </testcase> <!-- bookflight_roundTrip_testCase1 -->
  <testcase classname="booking.FlightStatus" name="file_Status_Testcase3" time="0.0">
    <ignored/>
  </testcase> <!-- file_Status_Testcase3 -->
  <testcase classname="booking.BookingHotel" name="bookHotel_checkOut" time="0.0">
    <ignored/>
  </testcase> <!-- bookHotel_checkOut -->
  <testcase classname="booking.BookHolidayPackage" name="bookHolidayPackage_return" time="0.0">
    <ignored/>
  </testcase> <!-- bookHolidayPackage_return -->
  <testcase classname="booking.BookFlight" name="bookflight_oneWay_testCase1" time="0.0">
    <ignored/>
  </testcase> <!-- bookflight_oneWay_testCase1 -->
  <testcase classname="basicTestNG.BasicTestNG" name="tc3" time="0.0">
    <ignored/>
  </testcase> <!-- tc3 -->
  <testcase classname="onlinechecking.CheckingOnline" name="checkingOnline_PNR_Number" time="0.0">
    <ignored/>
  </testcase> <!-- checkingOnline_PNR_Number -->
  <testcase classname="basicTestNG.BasicTestNG" name="tc2" time="0.0">
    <ignored/>
  </testcase> <!-- tc2 -->
  <testcase classname="basicTestNG.BasicTestNG" name="tc1" time="0.0">
    <ignored/>
  </testcase> <!-- tc1 -->
  <testcase classname="booking.BookHolidayPackage" name="bookHolidayPackage_destination" time="0.0">
    <ignored/>
  </testcase> <!-- bookHolidayPackage_destination -->
  <testcase classname="booking.BookFlight" name="bookflight_oneWay_testCase2" time="0.0">
    <ignored/>
  </testcase> <!-- bookflight_oneWay_testCase2 -->
  <testcase classname="booking.BookingHotel" name="bookHotel_checkIn" time="0.0">
    <ignored/>
  </testcase> <!-- bookHotel_checkIn -->
  <testcase classname="booking.FlightStatus" name="file_Status_Testcase1" time="0.0">
    <ignored/>
  </testcase> <!-- file_Status_Testcase1 -->
  <testcase classname="booking.BookFlight" name="bookflight_roundTrip_testCase2" time="0.0">
    <ignored/>
  </testcase> <!-- bookflight_roundTrip_testCase2 -->
</testsuite> <!-- Test -->
